* using log directory ‘/Users/bgreenwell/Dropbox/devel/vip/revdep/checks.noindex/waywiser/new/waywiser.Rcheck’
* using R version 4.2.3 (2023-03-15)
* using platform: aarch64-apple-darwin20 (64-bit)
* using session charset: UTF-8
* using options ‘--no-manual --no-build-vignettes’
* checking for file ‘waywiser/DESCRIPTION’ ... OK
* checking extension type ... Package
* this is package ‘waywiser’ version ‘0.4.0’
* package encoding: UTF-8
* checking package namespace information ... OK
* checking package dependencies ... OK
* checking if this is a source package ... OK
* checking if there is a namespace ... OK
* checking for executable files ... OK
* checking for hidden files and directories ... OK
* checking for portable file names ... OK
* checking for sufficient/correct file permissions ... OK
* checking whether package ‘waywiser’ can be installed ... OK
* checking installed package size ... OK
* checking package directory ... OK
* checking ‘build’ directory ... OK
* checking DESCRIPTION meta-information ... OK
* checking top-level files ... OK
* checking for left-over files ... OK
* checking index information ... OK
* checking package subdirectories ... OK
* checking R files for non-ASCII characters ... OK
* checking R files for syntax errors ... OK
* checking whether the package can be loaded ... OK
* checking whether the package can be loaded with stated dependencies ... OK
* checking whether the package can be unloaded cleanly ... OK
* checking whether the namespace can be loaded with stated dependencies ... OK
* checking whether the namespace can be unloaded cleanly ... OK
* checking loading without being on the library search path ... OK
* checking dependencies in R code ... OK
* checking S3 generic/method consistency ... OK
* checking replacement functions ... OK
* checking foreign function calls ... OK
* checking R code for possible problems ... OK
* checking Rd files ... OK
* checking Rd metadata ... OK
* checking Rd cross-references ... OK
* checking for missing documentation entries ... OK
* checking for code/documentation mismatches ... OK
* checking Rd \usage sections ... OK
* checking Rd contents ... OK
* checking for unstated dependencies in examples ... OK
* checking contents of ‘data’ directory ... OK
* checking data for non-ASCII characters ... NOTE
  Note: found 1 marked UTF-8 string
* checking LazyData ... OK
* checking data for ASCII and uncompressed saves ... OK
* checking R/sysdata.rda ... OK
* checking installed files from ‘inst/doc’ ... OK
* checking files in ‘vignettes’ ... OK
* checking examples ... ERROR
Running examples in ‘waywiser-Ex.R’ failed
The error most likely occurred in:

> ### Name: predict.ww_area_of_applicability
> ### Title: Predict from a 'ww_area_of_applicability'
> ### Aliases: predict.ww_area_of_applicability
> 
> ### ** Examples
> 
> ## Don't show: 
> if (rlang::is_installed("vip")) (if (getRversion() >= "3.4") withAutoprint else force)({ # examplesIf
+ ## End(Don't show)
+ library(vip)
+ train <- gen_friedman(1000, seed = 101) # ?vip::gen_friedman
+ test <- train[701:1000, ]
+ train <- train[1:700, ]
+ pp <- stats::ppr(y ~ ., data = train, nterms = 11)
+ importance <- vi_permute(
+   pp,
+   target = "y",
+   metric = "rsquared",
+   pred_wrapper = predict
+ )
+ 
+ aoa <- ww_area_of_applicability(y ~ ., train, test, importance = importance)
+ predict(aoa, test)
+ ## Don't show: 
+ }) # examplesIf
> library(vip)

Attaching package: ‘vip’

The following object is masked from ‘package:utils’:

    vi

> train <- gen_friedman(1000, seed = 101)
> test <- train[701:1000, ]
> train <- train[1:700, ]
> pp <- stats::ppr(y ~ ., data = train, nterms = 11)
> importance <- vi_permute(pp, target = "y", metric = "rsquared", pred_wrapper = predict)
Error: Metric "rsquared" is not supported; use `vip::list_metrics()` to print a list of currently supported metrics. Alternatively, you can pass in a `yardstick` vector function directly (e.g., `metric = yardstick::poisson_log_loss_vec` (just be sure to also set the `smaller_is_better` argument.
Execution halted
* checking for unstated dependencies in ‘tests’ ... OK
* checking tests ... ERROR
  Running ‘testthat.R’
Running the tests in ‘tests/testthat.R’ failed.
Last 13 lines of output:
   2. └─vip:::vi_permute.default(...)
   3.   └─vip:::get_metric(metric)
  ── Error ('test-tidy_importance.R:6:3'): tidy_importance is idempotent ─────────
  Error: Metric "rsquared" is not supported; use `vip::list_metrics()` to print a list of currently supported metrics. Alternatively, you can pass in a `yardstick` vector function directly (e.g., `metric = yardstick::poisson_log_loss_vec` (just be sure to also set the `smaller_is_better` argument.
  Backtrace:
      ▆
   1. ├─vip::vi_permute(pp, target = "y", metric = "rsquared", pred_wrapper = predict) at test-tidy_importance.R:6:2
   2. └─vip:::vi_permute.default(...)
   3.   └─vip:::get_metric(metric)
  
  [ FAIL 3 | WARN 0 | SKIP 136 | PASS 251 ]
  Deleting unused snapshots:
  • srr-ww_local_getis_ord_pvalue.md
  Error: Test failures
  Execution halted
* checking for unstated dependencies in vignettes ... OK
* checking package vignettes in ‘inst/doc’ ... OK
* checking running R code from vignettes ... NONE
  ‘multi-scale-assessment.Rmd’ using ‘UTF-8’... OK
  ‘residual-autocorrelation.Rmd’ using ‘UTF-8’... OK
  ‘waywiser.Rmd’ using ‘UTF-8’... OK
* checking re-building of vignette outputs ... SKIPPED
* DONE
Status: 2 ERRORs, 1 NOTE
