* using log directory ‘/Users/bgreenwell/Dropbox/devel/vip/revdep/checks.noindex/moreparty/new/moreparty.Rcheck’
* using R version 4.2.3 (2023-03-15)
* using platform: aarch64-apple-darwin20 (64-bit)
* using session charset: UTF-8
* using options ‘--no-manual --no-build-vignettes’
* checking for file ‘moreparty/DESCRIPTION’ ... OK
* checking extension type ... Package
* this is package ‘moreparty’ version ‘0.3.1’
* package encoding: UTF-8
* checking package namespace information ... OK
* checking package dependencies ... OK
* checking if this is a source package ... OK
* checking if there is a namespace ... OK
* checking for executable files ... OK
* checking for hidden files and directories ... OK
* checking for portable file names ... OK
* checking for sufficient/correct file permissions ... OK
* checking whether package ‘moreparty’ can be installed ... OK
* checking installed package size ... OK
* checking package directory ... OK
* checking ‘build’ directory ... OK
* checking DESCRIPTION meta-information ... OK
* checking top-level files ... OK
* checking for left-over files ... OK
* checking index information ... OK
* checking package subdirectories ... OK
* checking R files for non-ASCII characters ... OK
* checking R files for syntax errors ... OK
* checking whether the package can be loaded ... OK
* checking whether the package can be loaded with stated dependencies ... OK
* checking whether the package can be unloaded cleanly ... OK
* checking whether the namespace can be loaded with stated dependencies ... OK
* checking whether the namespace can be unloaded cleanly ... OK
* checking loading without being on the library search path ... OK
* checking dependencies in R code ... WARNING
Missing or unexported object: ‘vip::vint’
* checking S3 generic/method consistency ... OK
* checking replacement functions ... OK
* checking foreign function calls ... OK
* checking R code for possible problems ... OK
* checking Rd files ... OK
* checking Rd metadata ... OK
* checking Rd cross-references ... WARNING
Missing link or links in documentation object 'GetInteractionStrength.Rd':
  ‘vint’

See section 'Cross-references' in the 'Writing R Extensions' manual.
* checking for missing documentation entries ... OK
* checking for code/documentation mismatches ... OK
* checking Rd \usage sections ... OK
* checking Rd contents ... OK
* checking for unstated dependencies in examples ... OK
* checking contents of ‘data’ directory ... OK
* checking data for non-ASCII characters ... OK
* checking LazyData ... OK
* checking data for ASCII and uncompressed saves ... OK
* checking installed files from ‘inst/doc’ ... OK
* checking files in ‘vignettes’ ... OK
* checking examples ... ERROR
Running examples in ‘moreparty-Ex.R’ failed
The error most likely occurred in:

> ### Name: EasyTreeVarImp
> ### Title: Variable importance for conditional inference trees.
> ### Aliases: EasyTreeVarImp
> ### Keywords: tree
> 
> ### ** Examples
> 
>   data(iris)
>   iris2 = iris
>   iris2$Species = factor(iris$Species == "versicolor")
>   iris.ct = partykit::ctree(Species ~ ., data = iris2)
>   EasyTreeVarImp(iris.ct, nsim = 1)
Error: `metric()` must be a function with arguments `truth` and `estimate`; consider using one of the vector metric functions from the `yardstick` package (e.g., `metric = yardstick::huber_loss_vec`).
Execution halted
* checking for unstated dependencies in vignettes ... OK
* checking package vignettes in ‘inst/doc’ ... OK
* checking running R code from vignettes ... NONE
  ‘Titanic_example.Rmd’ using ‘UTF-8’... OK
* checking re-building of vignette outputs ... SKIPPED
* DONE
Status: 1 ERROR, 2 WARNINGs
