* installing *source* package ‘pdp’ ...
** package ‘pdp’ successfully unpacked and MD5 sums checked
** using staged installation
** libs
clang++ -arch arm64 -std=gnu++14 -I"/Library/Frameworks/R.framework/Resources/include" -DNDEBUG   -I/opt/R/arm64/include   -fPIC  -falign-functions=64 -Wall -g -O2  -c PartialGBM.cpp -o PartialGBM.o
PartialGBM.cpp:29:17: warning: variable 'hr' set but not used [-Wunused-but-set-variable]
  unsigned long hr = 0;
                ^
1 warning generated.
clang -arch arm64 -I"/Library/Frameworks/R.framework/Resources/include" -DNDEBUG   -I/opt/R/arm64/include   -fPIC  -falign-functions=64 -Wall -g -O2  -c in_out.c -o in_out.o
clang -arch arm64 -I"/Library/Frameworks/R.framework/Resources/include" -DNDEBUG   -I/opt/R/arm64/include   -fPIC  -falign-functions=64 -Wall -g -O2  -c pdp-init.c -o pdp-init.o
clang++ -arch arm64 -std=gnu++14 -dynamiclib -Wl,-headerpad_max_install_names -undefined dynamic_lookup -single_module -multiply_defined suppress -L/Library/Frameworks/R.framework/Resources/lib -L/opt/R/arm64/lib -o pdp.so PartialGBM.o in_out.o pdp-init.o -F/Library/Frameworks/R.framework/.. -framework R -Wl,-framework -Wl,CoreFoundation
installing to /Users/bgreenwell/Dropbox/devel/vip/revdep/checks.noindex/pdp/old/pdp.Rcheck/00LOCK-pdp/00new/pdp/libs
** R
** data
*** moving datasets to lazyload DB
** inst
** byte-compile and prepare package for lazy loading
** help
*** installing help indices
*** copying figures
** building package indices
** installing vignettes
** testing if installed package can be loaded from temporary location
** checking absolute paths in shared objects and dynamic libraries
** testing if installed package can be loaded from final location
** testing if installed package keeps a record of temporary installation path
* DONE (pdp)
