* installing *source* package ‘gbm’ ...
** package ‘gbm’ successfully unpacked and MD5 sums checked
** using staged installation
** libs
clang++ -arch arm64 -std=gnu++14 -I"/Library/Frameworks/R.framework/Resources/include" -DNDEBUG   -I/opt/R/arm64/include   -fPIC  -falign-functions=64 -Wall -g -O2  -c adaboost.cpp -o adaboost.o
clang++ -arch arm64 -std=gnu++14 -I"/Library/Frameworks/R.framework/Resources/include" -DNDEBUG   -I/opt/R/arm64/include   -fPIC  -falign-functions=64 -Wall -g -O2  -c bernoulli.cpp -o bernoulli.o
clang++ -arch arm64 -std=gnu++14 -I"/Library/Frameworks/R.framework/Resources/include" -DNDEBUG   -I/opt/R/arm64/include   -fPIC  -falign-functions=64 -Wall -g -O2  -c coxph.cpp -o coxph.o
clang++ -arch arm64 -std=gnu++14 -I"/Library/Frameworks/R.framework/Resources/include" -DNDEBUG   -I/opt/R/arm64/include   -fPIC  -falign-functions=64 -Wall -g -O2  -c dataset.cpp -o dataset.o
clang++ -arch arm64 -std=gnu++14 -I"/Library/Frameworks/R.framework/Resources/include" -DNDEBUG   -I/opt/R/arm64/include   -fPIC  -falign-functions=64 -Wall -g -O2  -c distribution.cpp -o distribution.o
clang++ -arch arm64 -std=gnu++14 -I"/Library/Frameworks/R.framework/Resources/include" -DNDEBUG   -I/opt/R/arm64/include   -fPIC  -falign-functions=64 -Wall -g -O2  -c gaussian.cpp -o gaussian.o
clang -arch arm64 -I"/Library/Frameworks/R.framework/Resources/include" -DNDEBUG   -I/opt/R/arm64/include   -fPIC  -falign-functions=64 -Wall -g -O2  -c gbm-init.c -o gbm-init.o
clang++ -arch arm64 -std=gnu++14 -I"/Library/Frameworks/R.framework/Resources/include" -DNDEBUG   -I/opt/R/arm64/include   -fPIC  -falign-functions=64 -Wall -g -O2  -c gbm.cpp -o gbm.o
clang++ -arch arm64 -std=gnu++14 -I"/Library/Frameworks/R.framework/Resources/include" -DNDEBUG   -I/opt/R/arm64/include   -fPIC  -falign-functions=64 -Wall -g -O2  -c gbm_engine.cpp -o gbm_engine.o
clang++ -arch arm64 -std=gnu++14 -I"/Library/Frameworks/R.framework/Resources/include" -DNDEBUG   -I/opt/R/arm64/include   -fPIC  -falign-functions=64 -Wall -g -O2  -c gbmentry.cpp -o gbmentry.o
gbmentry.cpp:357:18: warning: variable 'hr' set but not used [-Wunused-but-set-variable]
   unsigned long hr = 0;
                 ^
gbmentry.cpp:503:19: warning: variable 'hr' set but not used [-Wunused-but-set-variable]
    unsigned long hr = 0;
                  ^
2 warnings generated.
clang++ -arch arm64 -std=gnu++14 -I"/Library/Frameworks/R.framework/Resources/include" -DNDEBUG   -I/opt/R/arm64/include   -fPIC  -falign-functions=64 -Wall -g -O2  -c huberized.cpp -o huberized.o
clang++ -arch arm64 -std=gnu++14 -I"/Library/Frameworks/R.framework/Resources/include" -DNDEBUG   -I/opt/R/arm64/include   -fPIC  -falign-functions=64 -Wall -g -O2  -c laplace.cpp -o laplace.o
clang++ -arch arm64 -std=gnu++14 -I"/Library/Frameworks/R.framework/Resources/include" -DNDEBUG   -I/opt/R/arm64/include   -fPIC  -falign-functions=64 -Wall -g -O2  -c locationm.cpp -o locationm.o
clang++ -arch arm64 -std=gnu++14 -I"/Library/Frameworks/R.framework/Resources/include" -DNDEBUG   -I/opt/R/arm64/include   -fPIC  -falign-functions=64 -Wall -g -O2  -c multinomial.cpp -o multinomial.o
clang++ -arch arm64 -std=gnu++14 -I"/Library/Frameworks/R.framework/Resources/include" -DNDEBUG   -I/opt/R/arm64/include   -fPIC  -falign-functions=64 -Wall -g -O2  -c node.cpp -o node.o
clang++ -arch arm64 -std=gnu++14 -I"/Library/Frameworks/R.framework/Resources/include" -DNDEBUG   -I/opt/R/arm64/include   -fPIC  -falign-functions=64 -Wall -g -O2  -c node_categorical.cpp -o node_categorical.o
clang++ -arch arm64 -std=gnu++14 -I"/Library/Frameworks/R.framework/Resources/include" -DNDEBUG   -I/opt/R/arm64/include   -fPIC  -falign-functions=64 -Wall -g -O2  -c node_continuous.cpp -o node_continuous.o
clang++ -arch arm64 -std=gnu++14 -I"/Library/Frameworks/R.framework/Resources/include" -DNDEBUG   -I/opt/R/arm64/include   -fPIC  -falign-functions=64 -Wall -g -O2  -c node_factory.cpp -o node_factory.o
clang++ -arch arm64 -std=gnu++14 -I"/Library/Frameworks/R.framework/Resources/include" -DNDEBUG   -I/opt/R/arm64/include   -fPIC  -falign-functions=64 -Wall -g -O2  -c node_nonterminal.cpp -o node_nonterminal.o
clang++ -arch arm64 -std=gnu++14 -I"/Library/Frameworks/R.framework/Resources/include" -DNDEBUG   -I/opt/R/arm64/include   -fPIC  -falign-functions=64 -Wall -g -O2  -c node_search.cpp -o node_search.o
clang++ -arch arm64 -std=gnu++14 -I"/Library/Frameworks/R.framework/Resources/include" -DNDEBUG   -I/opt/R/arm64/include   -fPIC  -falign-functions=64 -Wall -g -O2  -c node_terminal.cpp -o node_terminal.o
clang++ -arch arm64 -std=gnu++14 -I"/Library/Frameworks/R.framework/Resources/include" -DNDEBUG   -I/opt/R/arm64/include   -fPIC  -falign-functions=64 -Wall -g -O2  -c pairwise.cpp -o pairwise.o
clang++ -arch arm64 -std=gnu++14 -I"/Library/Frameworks/R.framework/Resources/include" -DNDEBUG   -I/opt/R/arm64/include   -fPIC  -falign-functions=64 -Wall -g -O2  -c poisson.cpp -o poisson.o
clang++ -arch arm64 -std=gnu++14 -I"/Library/Frameworks/R.framework/Resources/include" -DNDEBUG   -I/opt/R/arm64/include   -fPIC  -falign-functions=64 -Wall -g -O2  -c quantile.cpp -o quantile.o
clang++ -arch arm64 -std=gnu++14 -I"/Library/Frameworks/R.framework/Resources/include" -DNDEBUG   -I/opt/R/arm64/include   -fPIC  -falign-functions=64 -Wall -g -O2  -c tdist.cpp -o tdist.o
clang++ -arch arm64 -std=gnu++14 -I"/Library/Frameworks/R.framework/Resources/include" -DNDEBUG   -I/opt/R/arm64/include   -fPIC  -falign-functions=64 -Wall -g -O2  -c tree.cpp -o tree.o
clang++ -arch arm64 -std=gnu++14 -dynamiclib -Wl,-headerpad_max_install_names -undefined dynamic_lookup -single_module -multiply_defined suppress -L/Library/Frameworks/R.framework/Resources/lib -L/opt/R/arm64/lib -o gbm.so adaboost.o bernoulli.o coxph.o dataset.o distribution.o gaussian.o gbm-init.o gbm.o gbm_engine.o gbmentry.o huberized.o laplace.o locationm.o multinomial.o node.o node_categorical.o node_continuous.o node_factory.o node_nonterminal.o node_search.o node_terminal.o pairwise.o poisson.o quantile.o tdist.o tree.o -F/Library/Frameworks/R.framework/.. -framework R -Wl,-framework -Wl,CoreFoundation
installing to /Users/bgreenwell/Dropbox/devel/vip/revdep/checks.noindex/gbm/new/gbm.Rcheck/00LOCK-gbm/00new/gbm/libs
** R
** demo
** inst
** byte-compile and prepare package for lazy loading
** help
*** installing help indices
** building package indices
** installing vignettes
** testing if installed package can be loaded from temporary location
** checking absolute paths in shared objects and dynamic libraries
** testing if installed package can be loaded from final location
** testing if installed package keeps a record of temporary installation path
* DONE (gbm)
